<?xml version="1.0" encoding="UTF-8"?>
<TestRun id="8bdcf6b0-e442-47c9-a8ae-e31e37b6ecf2" name="onecu@LAPTOP-G67BJLP0 2021-07-20T00:48:42.049Z" runUser="onecu" xmlns="http://microsoft.com/schemas/VisualStudio/TeamTest/2010">
  <TestSettings name="Jest test run" id="1b84ec95-944e-49a2-a8ec-99e7a79e726f"/>
  <Times creation="2021-07-20T00:48:42.049Z" queuing="2021-07-20T00:48:42.049Z" start="2021-07-20T00:48:42.049Z" finish="2021-07-20T00:48:42.049Z"/>
  <ResultSummary outcome="Passed">
    <Counters total="3" executed="3" passed="3" failed="0" error="0"/>
  </ResultSummary>
  <TestDefinitions>
    <UnitTest name="Should init the Test Suite" id="c0d6df0f-96b4-4654-bd9a-535b2ae7e0eb" storage="src\app\app.component.spec.ts">
      <Execution id="84479e5a-339f-48f9-a453-9ae5c15029c1"/>
      <TestMethod codeBase="src\app\app.component.spec.ts" name="Should init the Test Suite" className="No suite"/>
    </UnitTest>
    <UnitTest name="AppComponent / constructor / should create the app" id="bcf51535-3cc0-4a46-ac76-d0e6066d5aab" storage="src\app\app.component.spec.ts">
      <Execution id="a181f6be-f5a0-4e4c-b21e-094e2946c1aa"/>
      <TestMethod codeBase="src\app\app.component.spec.ts" name="AppComponent / constructor / should create the app" className="AppComponent"/>
    </UnitTest>
    <UnitTest name="AppComponent / ngOnInit / should initialize the component" id="4dceffac-37cb-4dca-8d25-18243ae7c050" storage="src\app\app.component.spec.ts">
      <Execution id="79724eb6-1116-43be-9874-0990b0d5ca66"/>
      <TestMethod codeBase="src\app\app.component.spec.ts" name="AppComponent / ngOnInit / should initialize the component" className="AppComponent"/>
    </UnitTest>
  </TestDefinitions>
  <TestLists>
    <TestList name="Results Not in a List" id="8c84fa94-04c1-424b-9868-57a2d4851a1d"/>
    <TestList name="All Loaded Results" id="19431567-8539-422a-85d7-44ee4e166bda"/>
  </TestLists>
  <TestEntries>
    <TestEntry testId="c0d6df0f-96b4-4654-bd9a-535b2ae7e0eb" executionId="84479e5a-339f-48f9-a453-9ae5c15029c1" testListId="8c84fa94-04c1-424b-9868-57a2d4851a1d"/>
    <TestEntry testId="bcf51535-3cc0-4a46-ac76-d0e6066d5aab" executionId="a181f6be-f5a0-4e4c-b21e-094e2946c1aa" testListId="8c84fa94-04c1-424b-9868-57a2d4851a1d"/>
    <TestEntry testId="4dceffac-37cb-4dca-8d25-18243ae7c050" executionId="79724eb6-1116-43be-9874-0990b0d5ca66" testListId="8c84fa94-04c1-424b-9868-57a2d4851a1d"/>
  </TestEntries>
  <Results>
    <UnitTestResult testId="c0d6df0f-96b4-4654-bd9a-535b2ae7e0eb" executionId="84479e5a-339f-48f9-a453-9ae5c15029c1" testName="Should init the Test Suite" computerName="LAPTOP-G67BJLP0" duration="00:00:01.017" startTime="2021-07-20T00:48:43.077Z" endTime="2021-07-20T00:48:44.094Z" testType="13cdc9d9-ddb5-4fa4-a97d-d965ccfc6d4b" outcome="Passed" testListId="8c84fa94-04c1-424b-9868-57a2d4851a1d"/>
    <UnitTestResult testId="bcf51535-3cc0-4a46-ac76-d0e6066d5aab" executionId="a181f6be-f5a0-4e4c-b21e-094e2946c1aa" testName="AppComponent / constructor / should create the app" computerName="LAPTOP-G67BJLP0" duration="00:00:01.017" startTime="2021-07-20T00:48:44.094Z" endTime="2021-07-20T00:48:45.111Z" testType="13cdc9d9-ddb5-4fa4-a97d-d965ccfc6d4b" outcome="Passed" testListId="8c84fa94-04c1-424b-9868-57a2d4851a1d"/>
    <UnitTestResult testId="4dceffac-37cb-4dca-8d25-18243ae7c050" executionId="79724eb6-1116-43be-9874-0990b0d5ca66" testName="AppComponent / ngOnInit / should initialize the component" computerName="LAPTOP-G67BJLP0" duration="00:00:01.017" startTime="2021-07-20T00:48:45.111Z" endTime="2021-07-20T00:48:46.128Z" testType="13cdc9d9-ddb5-4fa4-a97d-d965ccfc6d4b" outcome="Passed" testListId="8c84fa94-04c1-424b-9868-57a2d4851a1d"/>
  </Results>
</TestRun>